<?xml version="1.0" encoding="UTF-8"?>
<testsuite name="de.webtech.project.movie.MovieApplicationTests" tests="1" skipped="0" failures="0" errors="0" timestamp="2025-10-20T10:49:26.480Z" hostname="Kushals-MacBook-Air.local" time="0.299">
  <properties/>
  <testcase name="contextLoads()" classname="de.webtech.project.movie.MovieApplicationTests" time="0.299"/>
  <system-out><![CDATA[12:49:25.939 [Test worker] INFO org.springframework.test.context.support.AnnotationConfigContextLoaderUtils -- Could not detect default configuration classes for test class [de.webtech.project.movie.MovieApplicationTests]: MovieApplicationTests does not declare any static, non-private, non-final, nested classes annotated with @Configuration.
12:49:25.978 [Test worker] INFO org.springframework.boot.test.context.SpringBootTestContextBootstrapper -- Found @SpringBootConfiguration de.webtech.project.movie.MovieApplication for test class de.webtech.project.movie.MovieApplicationTests

  .   ____          _            __ _ _
 /\\ / ___'_ __ _ _(_)_ __  __ _ \ \ \ \
( ( )\___ | '_ | '_| | '_ \/ _` | \ \ \ \
 \\/  ___)| |_)| | | | | || (_| |  ) ) ) )
  '  |____| .__|_| |_|_| |_\__, | / / / /
 =========|_|==============|___/=/_/_/_/

 :: Spring Boot ::                (v3.5.6)

2025-10-20T12:49:26.115+02:00  INFO 7494 --- [movie] [    Test worker] d.w.project.movie.MovieApplicationTests  : Starting MovieApplicationTests using Java 17.0.16 with PID 7494 (started by kbk in /Users/kbk/Desktop/Uni/Prog 3/Movie_Webtech)
2025-10-20T12:49:26.117+02:00  INFO 7494 --- [movie] [    Test worker] d.w.project.movie.MovieApplicationTests  : No active profile set, falling back to 1 default profile: "default"
2025-10-20T12:49:26.475+02:00  INFO 7494 --- [movie] [    Test worker] d.w.project.movie.MovieApplicationTests  : Started MovieApplicationTests in 0.45 seconds (process running for 0.789)
]]></system-out>
  <system-err><![CDATA[]]></system-err>
</testsuite>
